<?xml version="1.0" encoding="utf-8"?><testsuites name="pytest tests"><testsuite name="pytest" errors="0" failures="0" skipped="0" tests="33" time="8.622" timestamp="2026-05-15T20:31:09.020301+00:00" hostname="agent-env-6f8a3df8-4217-4f58-978b-325765cf64fd"><testcase classname="backend.tests.backend_test.TestRoot" name="test_root_ok" time="0.184" /><testcase classname="backend.tests.backend_test.TestSignup" name="test_signup_success" time="0.278" /><testcase classname="backend.tests.backend_test.TestSignup" name="test_signup_duplicate_email" time="0.331" /><testcase classname="backend.tests.backend_test.TestSignup" name="test_signup_duplicate_username_case_insensitive" time="0.050" /><testcase classname="backend.tests.backend_test.TestSignup" name="test_signup_invalid_email_422" time="0.048" /><testcase classname="backend.tests.backend_test.TestSignup" name="test_signup_short_username_422" time="0.050" /><testcase classname="backend.tests.backend_test.TestSignup" name="test_signup_invalid_username_chars_422" time="0.047" /><testcase classname="backend.tests.backend_test.TestLoginMe" name="test_login_success" time="0.275" /><testcase classname="backend.tests.backend_test.TestLoginMe" name="test_login_wrong_password" time="0.272" /><testcase classname="backend.tests.backend_test.TestLoginMe" name="test_me_without_token_401" time="0.048" /><testcase classname="backend.tests.backend_test.TestLoginMe" name="test_me_with_token" time="0.048" /><testcase classname="backend.tests.backend_test.TestPublic" name="test_forum_list_public" time="0.050" /><testcase classname="backend.tests.backend_test.TestPublic" name="test_leaderboard_public" time="0.050" /><testcase classname="backend.tests.backend_test.TestProtectedAuthRequired" name="test_unauthed_401[POST-/forum/posts-body0]" time="0.050" /><testcase classname="backend.tests.backend_test.TestProtectedAuthRequired" name="test_unauthed_401[POST-/loadouts-body1]" time="0.055" /><testcase classname="backend.tests.backend_test.TestProtectedAuthRequired" name="test_unauthed_401[POST-/stats/log-body2]" time="0.048" /><testcase classname="backend.tests.backend_test.TestProtectedAuthRequired" name="test_unauthed_401[POST-/chat-body3]" time="0.051" /><testcase classname="backend.tests.backend_test.TestProtectedAuthRequired" name="test_unauthed_401[GET-/loadouts-None]" time="0.058" /><testcase classname="backend.tests.backend_test.TestProtectedAuthRequired" name="test_unauthed_401[GET-/stats-None]" time="0.047" /><testcase classname="backend.tests.backend_test.TestProtectedAuthRequired" name="test_unauthed_401[GET-/notifications-None]" time="0.048" /><testcase classname="backend.tests.backend_test.TestForumAuth" name="test_create_post_uses_authed_user" time="0.054" /><testcase classname="backend.tests.backend_test.TestForumAuth" name="test_create_post_with_media" time="0.049" /><testcase classname="backend.tests.backend_test.TestLoadoutsScoping" name="test_user_a_creates_loadout" time="0.049" /><testcase classname="backend.tests.backend_test.TestLoadoutsScoping" name="test_user_b_cannot_see_a_loadouts" time="0.326" /><testcase classname="backend.tests.backend_test.TestLoadoutsScoping" name="test_user_a_sees_own" time="0.048" /><testcase classname="backend.tests.backend_test.TestLoadoutsScoping" name="test_user_b_cannot_delete_a_loadout" time="0.050" /><testcase classname="backend.tests.backend_test.TestStatsScoping" name="test_a_logs_kill" time="0.050" /><testcase classname="backend.tests.backend_test.TestStatsScoping" name="test_b_stats_separate" time="0.048" /><testcase classname="backend.tests.backend_test.TestStatsScoping" name="test_invalid_kind_400" time="0.055" /><testcase classname="backend.tests.backend_test.TestChat" name="test_chat_reply" time="3.653" /><testcase classname="backend.tests.backend_test.TestChat" name="test_history_scoped_to_user" time="1.106" /><testcase classname="backend.tests.backend_test.TestNotifications" name="test_notification_on_comment" time="0.655" /><testcase classname="backend.tests.backend_test.TestNotifications" name="test_no_self_notification" time="0.198" /></testsuite></testsuites>