<?xml version="1.0" encoding="utf-8"?><testsuites name="pytest tests"><testsuite name="pytest" errors="0" failures="0" skipped="0" tests="22" time="23.573" timestamp="2026-05-15T00:25:19.132511+00:00" hostname="agent-env-6f8a3df8-4217-4f58-978b-325765cf64fd"><testcase classname="backend.tests.backend_test.TestRoot" name="test_root_ok" time="0.261" /><testcase classname="backend.tests.backend_test.TestStats" name="test_reset_initial" time="0.060" /><testcase classname="backend.tests.backend_test.TestStats" name="test_log_kill_increments" time="0.060" /><testcase classname="backend.tests.backend_test.TestStats" name="test_log_death_increments" time="0.062" /><testcase classname="backend.tests.backend_test.TestStats" name="test_get_stats_summary" time="0.053" /><testcase classname="backend.tests.backend_test.TestStats" name="test_invalid_kind_400" time="0.049" /><testcase classname="backend.tests.backend_test.TestStats" name="test_reset_clears" time="0.120" /><testcase classname="backend.tests.backend_test.TestForum" name="test_create_post" time="0.054" /><testcase classname="backend.tests.backend_test.TestForum" name="test_list_posts_contains" time="0.052" /><testcase classname="backend.tests.backend_test.TestForum" name="test_like_increments" time="0.159" /><testcase classname="backend.tests.backend_test.TestForum" name="test_add_comment" time="0.055" /><testcase classname="backend.tests.backend_test.TestForum" name="test_list_comments" time="0.055" /><testcase classname="backend.tests.backend_test.TestForum" name="test_post_comments_count_incremented" time="0.053" /><testcase classname="backend.tests.backend_test.TestForum" name="test_like_unknown_404" time="0.053" /><testcase classname="backend.tests.backend_test.TestForum" name="test_comment_on_unknown_404" time="0.058" /><testcase classname="backend.tests.backend_test.TestLoadouts" name="test_create_loadout" time="0.069" /><testcase classname="backend.tests.backend_test.TestLoadouts" name="test_list_loadouts" time="0.061" /><testcase classname="backend.tests.backend_test.TestLoadouts" name="test_delete_loadout" time="0.107" /><testcase classname="backend.tests.backend_test.TestLoadouts" name="test_delete_unknown_404" time="0.056" /><testcase classname="backend.tests.backend_test.TestChat" name="test_chat_reply" time="3.307" /><testcase classname="backend.tests.backend_test.TestChat" name="test_chat_multi_turn_history" time="18.630" /><testcase classname="backend.tests.backend_test.TestChat" name="test_chat_empty_message_400" time="0.053" /></testsuite></testsuites>